[2022-05-15T08:27:11.168] [WARN] custom - {
  error: '-2',
  descripcion: 'ruta /favicon.ico metodo GET no implementada'
}
[2022-05-15T08:27:33.495] [WARN] custom - {
  error: '-2',
  descripcion: 'ruta /favicon.ico metodo GET no implementada'
}
[2022-05-15T08:27:49.398] [WARN] custom - {
  error: '-2',
  descripcion: 'ruta /favicon.ico metodo GET no implementada'
}
[2022-05-15T08:28:04.773] [WARN] custom - {
  error: '-2',
  descripcion: 'ruta /favicon.ico metodo GET no implementada'
}
[2022-05-15T08:29:51.740] [WARN] custom - {
  error: '-2',
  descripcion: 'ruta /favicon.ico metodo GET no implementada'
}
[2022-05-15T08:29:55.250] [WARN] custom - {
  error: '-2',
  descripcion: 'ruta /favicon.ico metodo GET no implementada'
}
[2022-05-15T08:30:38.336] [WARN] custom - {
  error: '-2',
  descripcion: 'ruta /favicon.ico metodo GET no implementada'
}
[2022-05-15T08:30:56.954] [WARN] custom - {
  error: '-2',
  descripcion: 'ruta /favicon.ico metodo GET no implementada'
}
[2022-05-15T08:32:35.577] [WARN] custom - {
  error: '-2',
  descripcion: 'ruta /favicon.ico metodo GET no implementada'
}
[2022-05-15T08:33:04.697] [WARN] custom - {
  error: '-2',
  descripcion: 'ruta /favicon.ico metodo GET no implementada'
}
[2022-05-15T08:34:11.145] [WARN] custom - {
  error: '-2',
  descripcion: 'ruta /favicon.ico metodo GET no implementada'
}
[2022-05-15T08:35:04.735] [WARN] custom - {
  error: '-2',
  descripcion: 'ruta /favicon.ico metodo GET no implementada'
}
[2022-05-15T08:35:17.230] [WARN] custom - {
  error: '-2',
  descripcion: 'ruta /favicon.ico metodo GET no implementada'
}
[2022-05-15T08:35:27.574] [WARN] custom - {
  error: '-2',
  descripcion: 'ruta /favicon.ico metodo GET no implementada'
}
[2022-05-15T08:35:36.873] [WARN] custom - {
  error: '-2',
  descripcion: 'ruta /favicon.ico metodo GET no implementada'
}
[2022-05-15T08:35:58.638] [WARN] custom - {
  error: '-2',
  descripcion: 'ruta /favicon.ico metodo GET no implementada'
}
[2022-05-15T09:22:19.801] [WARN] custom - {
  error: '-2',
  descripcion: 'ruta /api/login metodo GET no implementada'
}
[2022-05-15T09:22:21.056] [WARN] custom - {
  error: '-2',
  descripcion: 'ruta /favicon.ico metodo GET no implementada'
}
[2022-05-15T09:22:27.572] [WARN] custom - {
  error: '-2',
  descripcion: 'ruta /favicon.ico metodo GET no implementada'
}
[2022-05-15T09:22:40.800] [WARN] custom - {
  error: '-2',
  descripcion: 'ruta /favicon.ico metodo GET no implementada'
}
[2022-05-15T09:23:15.490] [WARN] custom - {
  error: '-2',
  descripcion: 'ruta /favicon.ico metodo GET no implementada'
}
[2022-05-15T09:23:25.580] [WARN] custom - {
  error: '-2',
  descripcion: 'ruta /favicon.ico metodo GET no implementada'
}
[2022-05-15T09:23:56.430] [WARN] custom - {
  error: '-2',
  descripcion: 'ruta /favicon.ico metodo GET no implementada'
}
